  chuong3_bai2.cpp
  chuong3_bai3.cpp
C:\Users\datho\OneDrive\Documents\CNTT\Ky thuat lap trinh\ly thuyet\BaiTaiVeNha_Dat_Vuong\BaiTaiVeNha_Dat_Vuong\chuong3_bai3.cpp(9,11): warning C4267: 'initializing': conversion from 'size_t' to 'int', possible loss of data
  chuong3_bai4.cpp
C:\Users\datho\OneDrive\Documents\CNTT\Ky thuat lap trinh\ly thuyet\BaiTaiVeNha_Dat_Vuong\BaiTaiVeNha_Dat_Vuong\chuong3_bai4.cpp(14,8): warning C4267: 'initializing': conversion from 'size_t' to 'int', possible loss of data
  chuong3_bai5.cpp
C:\Users\datho\OneDrive\Documents\CNTT\Ky thuat lap trinh\ly thuyet\BaiTaiVeNha_Dat_Vuong\BaiTaiVeNha_Dat_Vuong\chuong3_bai5.cpp(40,19): warning C4996: 'strtok': This function or variable may be unsafe. Consider using strtok_s instead. To disable deprecation, use _CRT_SECURE_NO_WARNINGS. See online help for details.
C:\Users\datho\OneDrive\Documents\CNTT\Ky thuat lap trinh\ly thuyet\BaiTaiVeNha_Dat_Vuong\BaiTaiVeNha_Dat_Vuong\chuong3_bai5.cpp(45,17): warning C4996: 'strtok': This function or variable may be unsafe. Consider using strtok_s instead. To disable deprecation, use _CRT_SECURE_NO_WARNINGS. See online help for details.
  chuong3_bai6.cpp
C:\Users\datho\OneDrive\Documents\CNTT\Ky thuat lap trinh\ly thuyet\BaiTaiVeNha_Dat_Vuong\BaiTaiVeNha_Dat_Vuong\chuong3_bai6.cpp(11,9): warning C4996: 'strcpy': This function or variable may be unsafe. Consider using strcpy_s instead. To disable deprecation, use _CRT_SECURE_NO_WARNINGS. See online help for details.
C:\Users\datho\OneDrive\Documents\CNTT\Ky thuat lap trinh\ly thuyet\BaiTaiVeNha_Dat_Vuong\BaiTaiVeNha_Dat_Vuong\chuong3_bai6.cpp(16,9): warning C4996: 'strncpy': This function or variable may be unsafe. Consider using strncpy_s instead. To disable deprecation, use _CRT_SECURE_NO_WARNINGS. See online help for details.
C:\Users\datho\OneDrive\Documents\CNTT\Ky thuat lap trinh\ly thuyet\BaiTaiVeNha_Dat_Vuong\BaiTaiVeNha_Dat_Vuong\chuong3_bai6.cpp(20,9): warning C4996: 'strcpy': This function or variable may be unsafe. Consider using strcpy_s instead. To disable deprecation, use _CRT_SECURE_NO_WARNINGS. See online help for details.
  chuong3_bai7.cpp
C:\Users\datho\OneDrive\Documents\CNTT\Ky thuat lap trinh\ly thuyet\BaiTaiVeNha_Dat_Vuong\BaiTaiVeNha_Dat_Vuong\chuong3_bai7.cpp(8,17): warning C4267: 'initializing': conversion from 'size_t' to 'int', possible loss of data
C:\Users\datho\OneDrive\Documents\CNTT\Ky thuat lap trinh\ly thuyet\BaiTaiVeNha_Dat_Vuong\BaiTaiVeNha_Dat_Vuong\chuong3_bai7.cpp(9,17): warning C4267: 'initializing': conversion from 'size_t' to 'int', possible loss of data
C:\Users\datho\OneDrive\Documents\CNTT\Ky thuat lap trinh\ly thuyet\BaiTaiVeNha_Dat_Vuong\BaiTaiVeNha_Dat_Vuong\chuong3_bai7.cpp(47,5): warning C4996: 'scanf': This function or variable may be unsafe. Consider using scanf_s instead. To disable deprecation, use _CRT_SECURE_NO_WARNINGS. See online help for details.
  chuong3_bai8.cpp
C:\Users\datho\OneDrive\Documents\CNTT\Ky thuat lap trinh\ly thuyet\BaiTaiVeNha_Dat_Vuong\BaiTaiVeNha_Dat_Vuong\chuong3_bai8.cpp(9,17): warning C4267: 'initializing': conversion from 'size_t' to 'int', possible loss of data
C:\Users\datho\OneDrive\Documents\CNTT\Ky thuat lap trinh\ly thuyet\BaiTaiVeNha_Dat_Vuong\BaiTaiVeNha_Dat_Vuong\chuong3_bai8.cpp(14,9): warning C4996: 'strncpy': This function or variable may be unsafe. Consider using strncpy_s instead. To disable deprecation, use _CRT_SECURE_NO_WARNINGS. See online help for details.
C:\Users\datho\OneDrive\Documents\CNTT\Ky thuat lap trinh\ly thuyet\BaiTaiVeNha_Dat_Vuong\BaiTaiVeNha_Dat_Vuong\chuong3_bai8.cpp(18,9): warning C4996: 'strcat': This function or variable may be unsafe. Consider using strcat_s instead. To disable deprecation, use _CRT_SECURE_NO_WARNINGS. See online help for details.
C:\Users\datho\OneDrive\Documents\CNTT\Ky thuat lap trinh\ly thuyet\BaiTaiVeNha_Dat_Vuong\BaiTaiVeNha_Dat_Vuong\chuong3_bai8.cpp(21,9): warning C4996: 'strcpy': This function or variable may be unsafe. Consider using strcpy_s instead. To disable deprecation, use _CRT_SECURE_NO_WARNINGS. See online help for details.
  main.cpp
C:\Users\datho\OneDrive\Documents\CNTT\Ky thuat lap trinh\ly thuyet\BaiTaiVeNha_Dat_Vuong\BaiTaiVeNha_Dat_Vuong\main.cpp(3,6): warning C4326: return type of 'main' should be 'int' instead of 'void'
  Generating Code...
  BaiTaiVeNha_Dat_Vuong.vcxproj -> C:\Users\datho\OneDrive\Documents\CNTT\Ky thuat lap trinh\ly thuyet\BaiTaiVeNha_Dat_Vuong\x64\Debug\BaiTaiVeNha_Dat_Vuong.exe
